2025-11-12 14:30:24,702 DEBUG    root            Loaded Command Group: ['gcloud', 'components']
2025-11-12 14:30:24,736 DEBUG    root            Loaded Command Group: ['gcloud', 'components', 'update']
2025-11-12 14:30:24,738 DEBUG    root            Running [gcloud.components.update] with arguments: [--quiet: "True", COMPONENT-IDS:8: "['gcloud', 'core', 'bq', 'gsutil', 'compute', 'preview', 'alpha', 'beta']"]
2025-11-12 14:30:24,739 INFO     ___FILE_ONLY___ Beginning update. This process may take several minutes.

2025-11-12 14:30:24,748 DEBUG    urllib3.connectionpool Starting new HTTPS connection (1): dl.google.com:443
2025-11-12 14:30:24,839 DEBUG    urllib3.connectionpool https://dl.google.com:443 "GET /dl/cloudsdk/channels/rapid/components-2.json HTTP/1.1" 200 233155
2025-11-12 14:30:24,852 WARNING  root            Component [compute] no longer exists.
2025-11-12 14:30:24,853 INFO     ___FILE_ONLY___ 

2025-11-12 14:30:24,853 INFO     ___FILE_ONLY___ 
Your current Google Cloud CLI version is: 547.0.0

2025-11-12 14:30:24,853 INFO     ___FILE_ONLY___ Installing components from version: 547.0.0

2025-11-12 14:30:24,853 INFO     ___FILE_ONLY___ 

2025-11-12 14:30:24,854 DEBUG    root            Chosen display Format:table[box,title="These components will be removed."](details.display_name:label=Name:align=left,version.version_string:label=Version:align=right,data.size.size(zero="",min=1048576):label=Size:align=right)
2025-11-12 14:30:24,854 DEBUG    root            Chosen display Format:table[box,title="These components will be updated."](details.display_name:label=Name:align=left,version.version_string:label=Version:align=right,data.size.size(zero="",min=1048576):label=Size:align=right)
2025-11-12 14:30:24,854 DEBUG    root            Chosen display Format:table[box,title="These components will be installed."](details.display_name:label=Name:align=left,version.version_string:label=Version:align=right,data.size.size(zero="",min=1048576):label=Size:align=right)
2025-11-12 14:30:24,871 INFO     ___FILE_ONLY___ ┌────────────────────────────────────────────────┐
2025-11-12 14:30:24,871 INFO     ___FILE_ONLY___ 

2025-11-12 14:30:24,872 INFO     ___FILE_ONLY___ │      These components will be installed.       │
2025-11-12 14:30:24,872 INFO     ___FILE_ONLY___ 

2025-11-12 14:30:24,872 INFO     ___FILE_ONLY___ ├─────────────────────────┬────────────┬─────────┤
2025-11-12 14:30:24,872 INFO     ___FILE_ONLY___ 

2025-11-12 14:30:24,872 INFO     ___FILE_ONLY___ │           Name          │  Version   │   Size  │
2025-11-12 14:30:24,872 INFO     ___FILE_ONLY___ 

2025-11-12 14:30:24,872 INFO     ___FILE_ONLY___ ├─────────────────────────┼────────────┼─────────┤
2025-11-12 14:30:24,872 INFO     ___FILE_ONLY___ 

2025-11-12 14:30:24,872 INFO     ___FILE_ONLY___ │ 
2025-11-12 14:30:24,872 INFO     ___FILE_ONLY___ gcloud Alpha Commands  
2025-11-12 14:30:24,872 INFO     ___FILE_ONLY___  
2025-11-12 14:30:24,872 INFO     ___FILE_ONLY___ │ 
2025-11-12 14:30:24,872 INFO     ___FILE_ONLY___ 2025.11.07
2025-11-12 14:30:24,872 INFO     ___FILE_ONLY___  
2025-11-12 14:30:24,872 INFO     ___FILE_ONLY___ │ 
2025-11-12 14:30:24,872 INFO     ___FILE_ONLY___ < 1 MiB
2025-11-12 14:30:24,873 INFO     ___FILE_ONLY___  
2025-11-12 14:30:24,873 INFO     ___FILE_ONLY___ │
2025-11-12 14:30:24,873 INFO     ___FILE_ONLY___ 

2025-11-12 14:30:24,873 INFO     ___FILE_ONLY___ │ 
2025-11-12 14:30:24,873 INFO     ___FILE_ONLY___ gcloud Beta Commands   
2025-11-12 14:30:24,873 INFO     ___FILE_ONLY___  
2025-11-12 14:30:24,873 INFO     ___FILE_ONLY___ │ 
2025-11-12 14:30:24,873 INFO     ___FILE_ONLY___ 2025.11.07
2025-11-12 14:30:24,873 INFO     ___FILE_ONLY___  
2025-11-12 14:30:24,873 INFO     ___FILE_ONLY___ │ 
2025-11-12 14:30:24,873 INFO     ___FILE_ONLY___ < 1 MiB
2025-11-12 14:30:24,873 INFO     ___FILE_ONLY___  
2025-11-12 14:30:24,873 INFO     ___FILE_ONLY___ │
2025-11-12 14:30:24,873 INFO     ___FILE_ONLY___ 

2025-11-12 14:30:24,873 INFO     ___FILE_ONLY___ │ 
2025-11-12 14:30:24,873 INFO     ___FILE_ONLY___ gcloud Preview Commands
2025-11-12 14:30:24,873 INFO     ___FILE_ONLY___  
2025-11-12 14:30:24,873 INFO     ___FILE_ONLY___ │ 
2025-11-12 14:30:24,873 INFO     ___FILE_ONLY___           
2025-11-12 14:30:24,874 INFO     ___FILE_ONLY___  
2025-11-12 14:30:24,874 INFO     ___FILE_ONLY___ │ 
2025-11-12 14:30:24,874 INFO     ___FILE_ONLY___ < 1 MiB
2025-11-12 14:30:24,874 INFO     ___FILE_ONLY___  
2025-11-12 14:30:24,874 INFO     ___FILE_ONLY___ │
2025-11-12 14:30:24,874 INFO     ___FILE_ONLY___ 

2025-11-12 14:30:24,874 INFO     ___FILE_ONLY___ └─────────────────────────┴────────────┴─────────┘
2025-11-12 14:30:24,874 INFO     ___FILE_ONLY___ 

2025-11-12 14:30:24,874 INFO     ___FILE_ONLY___ 

2025-11-12 14:30:24,877 DEBUG    urllib3.connectionpool Starting new HTTPS connection (1): dl.google.com:443
2025-11-12 14:30:24,904 DEBUG    urllib3.connectionpool https://dl.google.com:443 "GET /dl/cloudsdk/channels/rapid/RELEASE_NOTES HTTP/1.1" 200 1523224
2025-11-12 14:30:25,485 INFO     ___FILE_ONLY___ For the latest full release notes, please visit:
  https://cloud.google.com/sdk/release_notes


2025-11-12 14:30:25,486 INFO     ___FILE_ONLY___ Performing in place update...


2025-11-12 14:30:25,488 INFO     ___FILE_ONLY___ ╔════════════════════════════════════════════════════════════╗

2025-11-12 14:30:25,488 INFO     ___FILE_ONLY___ ╠═ Downloading: gcloud Alpha Commands                       ═╣

2025-11-12 14:30:25,488 INFO     ___FILE_ONLY___ ╚
2025-11-12 14:30:25,490 DEBUG    urllib3.connectionpool Starting new HTTPS connection (1): dl.google.com:443
2025-11-12 14:30:25,570 DEBUG    urllib3.connectionpool https://dl.google.com:443 "GET /dl/cloudsdk/channels/rapid/components/google-cloud-sdk-alpha-20251107144733.tar.gz HTTP/1.1" 200 800
2025-11-12 14:30:25,571 INFO     ___FILE_ONLY___ ════════════════════════════════════════════════════════════
2025-11-12 14:30:25,571 INFO     ___FILE_ONLY___ ╝

2025-11-12 14:30:25,573 INFO     ___FILE_ONLY___ ╔════════════════════════════════════════════════════════════╗

2025-11-12 14:30:25,573 INFO     ___FILE_ONLY___ ╠═ Downloading: gcloud Beta Commands                        ═╣

2025-11-12 14:30:25,573 INFO     ___FILE_ONLY___ ╚
2025-11-12 14:30:25,576 DEBUG    urllib3.connectionpool Starting new HTTPS connection (1): dl.google.com:443
2025-11-12 14:30:25,599 DEBUG    urllib3.connectionpool https://dl.google.com:443 "GET /dl/cloudsdk/channels/rapid/components/google-cloud-sdk-beta-20251107144733.tar.gz HTTP/1.1" 200 797
2025-11-12 14:30:25,599 INFO     ___FILE_ONLY___ ════════════════════════════════════════════════════════════
2025-11-12 14:30:25,599 INFO     ___FILE_ONLY___ ╝

2025-11-12 14:30:25,601 INFO     ___FILE_ONLY___ ╔════════════════════════════════════════════════════════════╗

2025-11-12 14:30:25,601 INFO     ___FILE_ONLY___ ╠═ Downloading: gcloud Preview Commands                     ═╣

2025-11-12 14:30:25,601 INFO     ___FILE_ONLY___ ╚
2025-11-12 14:30:25,604 DEBUG    urllib3.connectionpool Starting new HTTPS connection (1): dl.google.com:443
2025-11-12 14:30:25,736 DEBUG    urllib3.connectionpool https://dl.google.com:443 "GET /dl/cloudsdk/channels/rapid/components/google-cloud-sdk-preview-20241115154308.tar.gz HTTP/1.1" 200 823
2025-11-12 14:30:25,737 INFO     ___FILE_ONLY___ ════════════════════════════════════════════════════════════
2025-11-12 14:30:25,737 INFO     ___FILE_ONLY___ ╝

2025-11-12 14:30:25,739 INFO     ___FILE_ONLY___ ╔════════════════════════════════════════════════════════════╗

2025-11-12 14:30:25,739 INFO     ___FILE_ONLY___ ╠═ Installing: gcloud Alpha Commands                        ═╣

2025-11-12 14:30:25,739 INFO     ___FILE_ONLY___ ╚
2025-11-12 14:30:25,740 INFO     ___FILE_ONLY___ ════════════════════════════════════════════════════════════
2025-11-12 14:30:25,741 INFO     ___FILE_ONLY___ ╝

2025-11-12 14:30:25,746 INFO     ___FILE_ONLY___ ╔════════════════════════════════════════════════════════════╗

2025-11-12 14:30:25,746 INFO     ___FILE_ONLY___ ╠═ Installing: gcloud Beta Commands                         ═╣

2025-11-12 14:30:25,746 INFO     ___FILE_ONLY___ ╚
2025-11-12 14:30:25,747 INFO     ___FILE_ONLY___ ════════════════════════════════════════════════════════════
2025-11-12 14:30:25,747 INFO     ___FILE_ONLY___ ╝

2025-11-12 14:30:25,752 INFO     ___FILE_ONLY___ ╔════════════════════════════════════════════════════════════╗

2025-11-12 14:30:25,752 INFO     ___FILE_ONLY___ ╠═ Installing: gcloud Preview Commands                      ═╣

2025-11-12 14:30:25,752 INFO     ___FILE_ONLY___ ╚
2025-11-12 14:30:25,753 INFO     ___FILE_ONLY___ ════════════════════════════════════════════════════════════
2025-11-12 14:30:25,753 INFO     ___FILE_ONLY___ ╝

2025-11-12 14:30:25,758 DEBUG    root            Updating notification cache...
2025-11-12 14:30:25,758 INFO     ___FILE_ONLY___ 

2025-11-12 14:30:25,760 INFO     ___FILE_ONLY___ Performing post processing steps...
2025-11-12 14:30:25,761 DEBUG    root            Executing command: ['/tools/google-cloud-sdk/bin/gcloud', 'components', 'post-process']
2025-11-12 14:30:34,267 DEBUG    ___FILE_ONLY___ 
2025-11-12 14:30:34,267 DEBUG    ___FILE_ONLY___ 
2025-11-12 14:30:34,524 INFO     root            descriptor_list: [{'universeDomain': 'googleapis.com', 'universeShortName': '', 'authenticationDomain': 'auth.cloud.google.com', 'projectPrefix': '', 'cloudWebDomain': 'cloud.google.com', 'documentationDomain': 'cloud.google.com', 'version': '1.0.0', 'state': 'primary', 'artifactRegistryDomain': 'pkg.dev'}]
2025-11-12 14:30:34,524 INFO     ___FILE_ONLY___ 
Update done!


2025-11-12 14:30:34,527 DEBUG    root            Chosen display Format:none
2025-11-12 14:30:34,527 INFO     root            Display format: "none"
